# JRE version: OpenJDK Runtime Environment (17.0.6) (build 17.0.6+0-b2043.56-10027231)
# Java VM: OpenJDK 64-Bit Server VM (17.0.6+0-b2043.56-10027231, mixed mode, tiered, compressed oops, compressed class ptrs, g1 gc, windows-amd64)
GC Precious Log:
 CPUs: 4 total, 4 available
 Memory: 7989M
 Large Page Support: Disabled
 NUMA Support: Disabled
 Compressed Oops: Enabled (32-bit)
 Heap Region Size: 1M
 Heap Min Capacity: 8M
 Heap Initial Capacity: 126M
 Heap Max Capacity: 2G
 Pre-touch: Disabled
 Parallel Workers: 4
 Concurrent Workers: 1
 Concurrent Refinement Workers: 4
 Periodic GC: Disabled
Heap:
 garbage-first heap   total 196608K, used 136086K [0x0000000080000000, 0x0000000100000000)
  region size 1024K, 29 young (29696K), 6 survivors (6144K)
 Metaspace       used 101647K, committed 102400K, reserved 1138688K
  class space    used 13682K, committed 14080K, reserved 1048576K
GC Heap History (20 events):
Event: 19.543 GC heap before
{Heap before GC invocations=24 (full 0):
 garbage-first heap   total 112640K, used 86826K [0x0000000080000000, 0x0000000100000000)
  region size 1024K, 33 young (33792K), 2 survivors (2048K)
 Metaspace       used 77773K, committed 78336K, reserved 1122304K
  class space    used 10306K, committed 10560K, reserved 1048576K
}
Event: 19.551 GC heap after
{Heap after GC invocations=25 (full 0):
 garbage-first heap   total 112640K, used 57241K [0x0000000080000000, 0x0000000100000000)
  region size 1024K, 5 young (5120K), 5 survivors (5120K)
 Metaspace       used 77773K, committed 78336K, reserved 1122304K
  class space    used 10306K, committed 10560K, reserved 1048576K
}
Event: 20.210 GC heap before
{Heap before GC invocations=26 (full 0):
 garbage-first heap   total 112640K, used 75673K [0x0000000080000000, 0x0000000100000000)
  region size 1024K, 24 young (24576K), 5 survivors (5120K)
 Metaspace       used 79734K, committed 80320K, reserved 1122304K
  class space    used 10577K, committed 10880K, reserved 1048576K
}
Event: 20.225 GC heap after
{Heap after GC invocations=27 (full 0):
 garbage-first heap   total 135168K, used 58399K [0x0000000080000000, 0x0000000100000000)
  region size 1024K, 4 young (4096K), 4 survivors (4096K)
 Metaspace       used 79734K, committed 80320K, reserved 1122304K
  class space    used 10577K, committed 10880K, reserved 1048576K
}
Event: 21.597 GC heap before
{Heap before GC invocations=27 (full 0):
 garbage-first heap   total 135168K, used 104479K [0x0000000080000000, 0x0000000100000000)
  region size 1024K, 48 young (49152K), 4 survivors (4096K)
 Metaspace       used 84852K, committed 85440K, reserved 1130496K
  class space    used 11486K, committed 11776K, reserved 1048576K
}
Event: 21.610 GC heap after
{Heap after GC invocations=28 (full 0):
 garbage-first heap   total 135168K, used 60799K [0x0000000080000000, 0x0000000100000000)
  region size 1024K, 4 young (4096K), 4 survivors (4096K)
 Metaspace       used 84852K, committed 85440K, reserved 1130496K
  class space    used 11486K, committed 11776K, reserved 1048576K
}
Event: 23.175 GC heap before
{Heap before GC invocations=28 (full 0):
 garbage-first heap   total 135168K, used 105855K [0x0000000080000000, 0x0000000100000000)
  region size 1024K, 48 young (49152K), 4 survivors (4096K)
 Metaspace       used 89861K, committed 90432K, reserved 1130496K
  class space    used 12255K, committed 12544K, reserved 1048576K
}
Event: 23.191 GC heap after
{Heap after GC invocations=29 (full 0):
 garbage-first heap   total 135168K, used 63928K [0x0000000080000000, 0x0000000100000000)
  region size 1024K, 6 young (6144K), 6 survivors (6144K)
 Metaspace       used 89861K, committed 90432K, reserved 1130496K
  class space    used 12255K, committed 12544K, reserved 1048576K
}
Event: 24.511 GC heap before
{Heap before GC invocations=29 (full 0):
 garbage-first heap   total 135168K, used 107960K [0x0000000080000000, 0x0000000100000000)
  region size 1024K, 49 young (50176K), 6 survivors (6144K)
 Metaspace       used 93499K, committed 94144K, reserved 1130496K
  class space    used 12712K, committed 13056K, reserved 1048576K
}
Event: 24.528 GC heap after
{Heap after GC invocations=30 (full 0):
 garbage-first heap   total 135168K, used 68371K [0x0000000080000000, 0x0000000100000000)
  region size 1024K, 7 young (7168K), 7 survivors (7168K)
 Metaspace       used 93499K, committed 94144K, reserved 1130496K
  class space    used 12712K, committed 13056K, reserved 1048576K
}
Event: 25.242 GC heap before
{Heap before GC invocations=30 (full 0):
 garbage-first heap   total 135168K, used 105235K [0x0000000080000000, 0x0000000100000000)
  region size 1024K, 45 young (46080K), 7 survivors (7168K)
 Metaspace       used 94486K, committed 95104K, reserved 1138688K
  class space    used 12890K, committed 13184K, reserved 1048576K
}
Event: 25.262 GC heap after
{Heap after GC invocations=31 (full 0):
 garbage-first heap   total 135168K, used 74695K [0x0000000080000000, 0x0000000100000000)
  region size 1024K, 6 young (6144K), 6 survivors (6144K)
 Metaspace       used 94486K, committed 95104K, reserved 1138688K
  class space    used 12890K, committed 13184K, reserved 1048576K
}
Event: 26.372 GC heap before
{Heap before GC invocations=32 (full 0):
 garbage-first heap   total 135168K, used 108487K [0x0000000080000000, 0x0000000100000000)
  region size 1024K, 39 young (39936K), 6 survivors (6144K)
 Metaspace       used 97504K, committed 98176K, reserved 1138688K
  class space    used 13268K, committed 13568K, reserved 1048576K
}
Event: 26.386 GC heap after
{Heap after GC invocations=33 (full 0):
 garbage-first heap   total 135168K, used 77514K [0x0000000080000000, 0x0000000100000000)
  region size 1024K, 3 young (3072K), 3 survivors (3072K)
 Metaspace       used 97504K, committed 98176K, reserved 1138688K
  class space    used 13268K, committed 13568K, reserved 1048576K
}
Event: 27.196 GC heap before
{Heap before GC invocations=33 (full 0):
 garbage-first heap   total 135168K, used 109258K [0x0000000080000000, 0x0000000100000000)
  region size 1024K, 35 young (35840K), 3 survivors (3072K)
 Metaspace       used 98250K, committed 99008K, reserved 1138688K
  class space    used 13337K, committed 13696K, reserved 1048576K
}
Event: 27.208 GC heap after
{Heap after GC invocations=34 (full 0):
 garbage-first heap   total 162816K, used 79367K [0x0000000080000000, 0x0000000100000000)
  region size 1024K, 5 young (5120K), 5 survivors (5120K)
 Metaspace       used 98250K, committed 99008K, reserved 1138688K
  class space    used 13337K, committed 13696K, reserved 1048576K
}
Event: 28.936 GC heap before
{Heap before GC invocations=35 (full 0):
 garbage-first heap   total 162816K, used 116231K [0x0000000080000000, 0x0000000100000000)
  region size 1024K, 43 young (44032K), 5 survivors (5120K)
 Metaspace       used 100895K, committed 101632K, reserved 1138688K
  class space    used 13631K, committed 13952K, reserved 1048576K
}
Event: 28.961 GC heap after
{Heap after GC invocations=36 (full 0):
 garbage-first heap   total 162816K, used 87524K [0x0000000080000000, 0x0000000100000000)
  region size 1024K, 7 young (7168K), 7 survivors (7168K)
 Metaspace       used 100895K, committed 101632K, reserved 1138688K
  class space    used 13631K, committed 13952K, reserved 1048576K
}
Event: 29.944 GC heap before
{Heap before GC invocations=37 (full 0):
 garbage-first heap   total 181248K, used 131556K [0x0000000080000000, 0x0000000100000000)
  region size 1024K, 42 young (43008K), 7 survivors (7168K)
 Metaspace       used 101369K, committed 102144K, reserved 1138688K
  class space    used 13666K, committed 14016K, reserved 1048576K
}
Event: 29.974 GC heap after
{Heap after GC invocations=38 (full 0):
 garbage-first heap   total 181248K, used 105366K [0x0000000080000000, 0x0000000100000000)
  region size 1024K, 6 young (6144K), 6 survivors (6144K)
 Metaspace       used 101369K, committed 102144K, reserved 1138688K
  class space    used 13666K, committed 14016K, reserved 1048576K
}

